<?xml version="1.0" encoding="UTF-8"?>
<testng-results ignored="0" total="3" passed="3" failed="0" skipped="0">
  <reporter-output>
  </reporter-output>
  <suite started-at="2022-10-13T08:42:02 IST" name="LeafGround Automation Test" finished-at="2022-10-13T08:42:09 IST" duration-ms="6838">
    <groups>
    </groups>
    <test started-at="2022-10-13T08:42:02 IST" name="Go to LeafGround Website" finished-at="2022-10-13T08:42:07 IST" duration-ms="4825">
      <class name="leafGround_TestCases.Launch_Leafground">
        <test-method signature="LaunchLeaf_Ground()[pri:0, instance:leafGround_TestCases.Launch_Leafground@d5b810e]" started-at="2022-10-13T08:42:02 IST" name="LaunchLeaf_Ground" finished-at="2022-10-13T08:42:07 IST" duration-ms="4788" status="PASS">
          <reporter-output>
          </reporter-output>
        </test-method> <!-- LaunchLeaf_Ground -->
      </class> <!-- leafGround_TestCases.Launch_Leafground -->
    </test> <!-- Go to LeafGround Website -->
    <test started-at="2022-10-13T08:42:07 IST" name="Redirecting to Dashboard and Verifying the Page landed in Dashboard" finished-at="2022-10-13T08:42:09 IST" duration-ms="1936">
      <class name="leafGround_TestCases.Dashboard">
        <test-method is-config="true" signature="launch_Browser()[pri:0, instance:leafGround_TestCases.Dashboard@428640fa]" started-at="2022-10-13T08:41:58 IST" name="launch_Browser" finished-at="2022-10-13T08:42:02 IST" duration-ms="3885" status="PASS">
          <reporter-output>
          </reporter-output>
        </test-method> <!-- launch_Browser -->
        <test-method signature="Homeicon()[pri:0, instance:leafGround_TestCases.Dashboard@428640fa]" started-at="2022-10-13T08:42:07 IST" name="Homeicon" finished-at="2022-10-13T08:42:09 IST" duration-ms="1895" status="PASS">
          <reporter-output>
          </reporter-output>
        </test-method> <!-- Homeicon -->
        <test-method signature="ScrollTest()[pri:0, instance:leafGround_TestCases.Dashboard@428640fa]" started-at="2022-10-13T08:42:09 IST" name="ScrollTest" finished-at="2022-10-13T08:42:09 IST" duration-ms="34" status="PASS">
          <reporter-output>
          </reporter-output>
        </test-method> <!-- ScrollTest -->
      </class> <!-- leafGround_TestCases.Dashboard -->
    </test> <!-- Redirecting to Dashboard and Verifying the Page landed in Dashboard -->
  </suite> <!-- LeafGround Automation Test -->
</testng-results>
