<?xml version="1.0" encoding="UTF-8"?>
<!-- Generated by org.testng.reporters.JUnitXMLReporter -->
<testsuite ignored="0" hostname="DESKTOP-EC83JK8" failures="0" tests="2" name="Redirecting to Dashboard and Verifying the Page landed in Dashboard" time="1.936" errors="0" timestamp="2022-10-13T08:42:09 IST">
  <testcase classname="leafGround_TestCases.Dashboard" name="Homeicon" time="1.895"/>
  <testcase classname="leafGround_TestCases.Dashboard" name="ScrollTest" time="0.034"/>
</testsuite> <!-- Redirecting to Dashboard and Verifying the Page landed in Dashboard -->
